<?xml version="1.0" encoding="UTF-8"?>
<coverage generated="1572315413809" clover="3.2.0">
  <project timestamp="1572315413810" name="All files">
    <metrics statements="3" coveredstatements="3" conditionals="0" coveredconditionals="0" methods="0" coveredmethods="0" elements="3" coveredelements="3" complexity="0" loc="3" ncloc="3" packages="1" files="1" classes="1"/>
    <file name="HelloWorld.vue" path="C:\Users\ty345030\Desktop\workspace\pwa-audiovyvy\src\components\HelloWorld.vue">
      <metrics statements="3" coveredstatements="3" conditionals="0" coveredconditionals="0" methods="0" coveredmethods="0"/>
      <line num="38" count="1" type="stmt"/>
      <line num="41" count="2" type="stmt"/>
      <line num="42" count="1" type="stmt"/>
    </file>
  </project>
</coverage>
